<?xml version='1.0' encoding='utf-8'?>
<testsuites><testsuite name="Website Testing" tests="1"><testcase name="Existance of Limonada flavors"><kw name="Verify that the Page Should Contain Flavour" status="PASS" /><kw name="Element Text Should Be" status="PASS" /><kw name="Verify that the Page should contain Innovation" status="PASS" /><kw name="Element Text Should Be" status="PASS" /><kw name="Verify that the Page should contains Find tab" status="PASS" /><kw name="Element Text Should Be" status="PASS" /><kw name="Verify that the Page should contains contact tab" status="PASS" /><kw name="Element Text Should Be" status="PASS" /><kw name="Verify that the Page should contains FAQ tab" status="PASS" /><kw name="Element Text Should Be" status="PASS" /><kw name="Click on the Flavour" status="PASS" /><kw name="Click Element" status="PASS" /><kw name="Wait Until Element Is Visible" status="PASS" /><kw name="Scroll Element Into View" status="PASS" /><kw name="Page Should Contain Image" status="PASS" /><kw name="Click Image" status="PASS" /><kw name="Wait Until Element Is Visible" status="PASS" /><kw name="Verify the description data of the lemonade" status="PASS" /><kw name="Element Text Should Be" status="PASS" /><kw name="Close Browser session after the end" status="PASS" /><kw name="Close Browser" status="PASS" /></testcase></testsuite><testsuite name="Unnamed Suite" tests="0" /></testsuites>